2020-01-09 19:03:27,959:DEBUG:discord.client:on_ready has successfully been registered as an event
2020-01-09 19:03:27,961:DEBUG:discord.client:on_member_join has successfully been registered as an event
2020-01-09 19:03:27,962:DEBUG:discord.client:on_member_remove has successfully been registered as an event
2020-01-09 19:03:27,962:DEBUG:discord.client:on_guild_role_create has successfully been registered as an event
2020-01-09 19:03:27,963:DEBUG:discord.client:on_guild_role_delete has successfully been registered as an event
2020-01-09 19:03:27,963:DEBUG:discord.client:on_guild_channel_create has successfully been registered as an event
2020-01-09 19:03:27,964:DEBUG:discord.client:on_guild_channel_delete has successfully been registered as an event
2020-01-09 19:03:27,964:DEBUG:discord.client:on_guild_channel_update has successfully been registered as an event
2020-01-09 19:03:27,964:DEBUG:discord.client:on_message has successfully been registered as an event
2020-01-09 19:03:27,966:INFO:discord.client:logging in using static token
2020-01-09 19:03:28,464:DEBUG:discord.http:GET https://discordapp.com/api/v7/users/@me with None has returned 200
2020-01-09 19:03:28,466:DEBUG:discord.http:GET https://discordapp.com/api/v7/users/@me has received {'id': '665003983357607987', 'username': 'CTFbot', 'avatar': None, 'discriminator': '9315', 'bot': True, 'email': None, 'verified': True, 'locale': 'en-US', 'mfa_enabled': False, 'flags': 0}
2020-01-09 19:03:28,506:DEBUG:discord.http:GET https://discordapp.com/api/v7/gateway with None has returned 200
2020-01-09 19:03:28,507:DEBUG:discord.http:GET https://discordapp.com/api/v7/gateway has received {'url': 'wss://gateway.discord.gg'}
2020-01-09 19:03:28,846:INFO:discord.gateway:Created websocket connected to wss://gateway.discord.gg?encoding=json&v=6&compress=zlib-stream
2020-01-09 19:03:28,848:DEBUG:discord.client:Dispatching event socket_raw_receive
2020-01-09 19:03:28,850:DEBUG:discord.gateway:For Shard ID None: WebSocket Event: {'t': None, 's': None, 'op': 10, 'd': {'heartbeat_interval': 41250, '_trace': ['["gateway-prd-main-fnl4",{"micros":0.0}]']}}
2020-01-09 19:03:28,851:DEBUG:discord.client:Dispatching event socket_response
2020-01-09 19:03:28,854:DEBUG:discord.client:Dispatching event socket_raw_send
2020-01-09 19:03:28,859:DEBUG:discord.client:Dispatching event socket_raw_send
2020-01-09 19:03:28,861:INFO:discord.gateway:Shard ID None has sent the IDENTIFY payload.
2020-01-09 19:03:28,951:DEBUG:discord.client:Dispatching event socket_raw_receive
2020-01-09 19:03:28,953:DEBUG:discord.gateway:For Shard ID None: WebSocket Event: {'t': None, 's': None, 'op': 11, 'd': None}
2020-01-09 19:03:28,954:DEBUG:discord.client:Dispatching event socket_response
2020-01-09 19:03:29,008:DEBUG:discord.client:Dispatching event socket_raw_receive
2020-01-09 19:03:29,010:DEBUG:discord.gateway:For Shard ID None: WebSocket Event: {'t': 'READY', 's': 1, 'op': 0, 'd': {'v': 6, 'user_settings': {}, 'user': {'verified': True, 'username': 'CTFbot', 'mfa_enabled': False, 'id': '665003983357607987', 'email': None, 'discriminator': '9315', 'bot': True, 'avatar': None}, 'session_id': '2b999e78e8f96a882c8d26d276f1e8fa', 'relationships': [], 'private_channels': [], 'presences': [], 'guilds': [{'unavailable': True, 'id': '489982672651812886'}], 'application': {'id': '665003983357607987', 'flags': 0}, '_trace': ['["gateway-prd-main-fnl4",{"micros":54979,"calls":["discord-sessions-prd-1-5",{"micros":50538,"calls":["start_session",{"micros":41678,"calls":["api-prd-main-hjk2",{"micros":37691,"calls":["get_user",{"micros":1661},"add_authorized_ip",{"micros":2056},"get_guilds",{"micros":1879},"coros_wait",{"micros":2}]}]},"guilds_connect",{"micros":1,"calls":[]},"presence_connect",{"micros":7986,"calls":[]}]}]}]']}}
2020-01-09 19:03:29,011:DEBUG:discord.client:Dispatching event socket_response
2020-01-09 19:03:29,011:INFO:discord.gateway:Shard ID None has connected to Gateway: ["gateway-prd-main-fnl4",{"micros":54979,"calls":["discord-sessions-prd-1-5",{"micros":50538,"calls":["start_session",{"micros":41678,"calls":["api-prd-main-hjk2",{"micros":37691,"calls":["get_user",{"micros":1661},"add_authorized_ip",{"micros":2056},"get_guilds",{"micros":1879},"coros_wait",{"micros":2}]}]},"guilds_connect",{"micros":1,"calls":[]},"presence_connect",{"micros":7986,"calls":[]}]}]}] (Session ID: 2b999e78e8f96a882c8d26d276f1e8fa).
2020-01-09 19:03:29,013:DEBUG:discord.client:Dispatching event connect
2020-01-09 19:03:29,014:DEBUG:discord.client:Dispatching event socket_raw_receive
2020-01-09 19:03:29,016:DEBUG:discord.gateway:For Shard ID None: WebSocket Event: {'t': 'GUILD_CREATE', 's': 2, 'op': 0, 'd': {'application_id': None, 'large': False, 'lazy': True, 'features': [], 'joined_at': '2020-01-10T01:30:29.304489+00:00', 'member_count': 6, 'afk_channel_id': None, 'region': 'us-west', 'vanity_url_code': None, 'presences': [{'user': {'id': '159985870458322944'}, 'status': 'online', 'game': None, 'client_status': {'web': 'online'}, 'activities': []}, {'user': {'id': '318542491349549057'}, 'status': 'online', 'game': None, 'client_status': {'desktop': 'online'}, 'activities': []}, {'user': {'id': '665003983357607987'}, 'status': 'online', 'game': None, 'client_status': {'web': 'online'}, 'activities': []}], 'channels': [{'user_limit': 0, 'type': 4, 'position': 0, 'permission_overwrites': [], 'name': 'Text Channels', 'id': '489982673150803977', 'bitrate': 64000}, {'type': 0, 'topic': 'Get ready for a 3 hour redbull, self-hatred, and pure rage induced binger as I baffle the fuckwits out of your minds with some robots that literally give you the worst things of the 21st century such as furries and thanos car', 'rate_limit_per_user': 0, 'position': 1, 'permission_overwrites': [], 'parent_id': '489982673150803977', 'name': 'general', 'last_message_id': '665025851527528448', 'id': '489982673150803980'}, {'user_limit': 0, 'type': 4, 'position': 0, 'permission_overwrites': [], 'name': 'Voice Channels', 'id': '489982673150803983', 'bitrate': 64000}, {'user_limit': 0, 'type': 2, 'position': 0, 'permission_overwrites': [], 'parent_id': '489982673150803983', 'name': 'General', 'id': '489982673150803985', 'bitrate': 64000}, {'type': 0, 'topic': 'Play me a tasty lick', 'rate_limit_per_user': 0, 'position': 2, 'permission_overwrites': [{'type': 'role', 'id': '489982672651812886', 'deny': 805829713, 'allow': 0}, {'type': 'role', 'id': '489988483797090317', 'deny': 0, 'allow': 1024}, {'type': 'role', 'id': '490359363094183937', 'deny': 0, 'allow': 805829713}, {'type': 'role', 'id': '490363442264276992', 'deny': 0, 'allow': 515137}], 'parent_id': '489982673150803977', 'nsfw': False, 'name': 'dj-booth', 'last_message_id': '662101913474433053', 'id': '490360190869438511'}], 'system_channel_id': '489982673150803980', 'roles': [{'position': 0, 'permissions': 104324673, 'name': '@everyone', 'mentionable': False, 'managed': False, 'id': '489982672651812886', 'hoist': False, 'color': 0}, {'position': 4, 'permissions': 66584191, 'name': 'MEE6', 'mentionable': False, 'managed': True, 'id': '489988483797090317', 'hoist': False, 'color': 0}, {'position': 3, 'permissions': 2146959103, 'name': 'Mod', 'mentionable': True, 'managed': False, 'id': '490359363094183937', 'hoist': True, 'color': 11342935}, {'position': 2, 'permissions': 104324929, 'name': 'DJ', 'mentionable': True, 'managed': False, 'id': '490363442264276992', 'hoist': True, 'color': 1146986}], 'icon': None, 'members': [{'user': {'username': 'MEE6', 'id': '159985870458322944', 'discriminator': '4876', 'bot': True, 'avatar': 'b50adff099924dd5e6b72d13f77eb9d7'}, 'roles': ['489988483797090317'], 'mute': False, 'joined_at': '2018-09-14T02:39:18.071000+00:00', 'hoisted_role': None, 'deaf': False}, {'user': {'username': 'Fergo310', 'id': '318542491349549057', 'discriminator': '5226', 'avatar': 'bb8a0daaa082ea91ca94ac2eb9c1eefe'}, 'roles': ['490359363094183937', '490363442264276992'], 'mute': False, 'joined_at': '2018-09-14T02:16:12.700000+00:00', 'hoisted_role': '490359363094183937', 'deaf': False}, {'user': {'username': 'KaiKat22', 'id': '349210125610778634', 'discriminator': '9397', 'avatar': '6f2a24e86fa3f91a28e2b062d29be4d8'}, 'roles': ['490363442264276992'], 'nick': 'Pk-Fire', 'mute': False, 'joined_at': '2018-09-22T04:47:12.341000+00:00', 'hoisted_role': '490363442264276992', 'deaf': False}, {'user': {'username': 'SkyeDoesMinecraft', 'id': '493995341025247234', 'discriminator': '6831', 'bot': True, 'avatar': '55ffaf6b53ae212c7cc0f0665183c65b'}, 'roles': ['490359363094183937'], 'premium_since': None, 'nick': None, 'mute': False, 'joined_at': '2018-09-25T04:04:50.683000+00:00', 'hoisted_role': '490359363094183937', 'deaf': False}, {'user': {'username': 'Test_Bot', 'id': '660954924695158834', 'discriminator': '2677', 'bot': True, 'avatar': None}, 'roles': [], 'premium_since': None, 'nick': None, 'mute': False, 'joined_at': '2019-12-29T21:22:06.228441+00:00', 'hoisted_role': None, 'deaf': False}, {'user': {'username': 'CTFbot', 'id': '665003983357607987', 'discriminator': '9315', 'bot': True, 'avatar': None}, 'roles': [], 'premium_since': None, 'nick': None, 'mute': False, 'joined_at': '2020-01-10T01:30:29.304489+00:00', 'hoisted_role': None, 'deaf': False}], 'afk_timeout': 300, 'name': 'testing', 'discovery_splash': None, 'premium_tier': 0, 'preferred_locale': 'en-US', 'splash': None, 'rules_channel_id': None, 'voice_states': [], 'mfa_level': 0, 'premium_subscription_count': 0, 'default_message_notifications': 0, 'owner_id': '318542491349549057', 'unavailable': False, 'description': None, 'banner': None, 'emojis': [], 'verification_level': 0, 'id': '489982672651812886', 'system_channel_flags': 0, 'explicit_content_filter': 0}}
2020-01-09 19:03:29,018:DEBUG:discord.client:Dispatching event socket_response
2020-01-09 19:03:29,025:DEBUG:discord.client:Dispatching event guild_available
2020-01-09 19:03:31,031:DEBUG:discord.client:Dispatching event ready
2020-01-09 19:03:31,034:DEBUG:discord.gateway:Sending "{"op":3,"d":{"game":{"type":0,"name":"Running...","timestamps":{}},"afk":false,"since":0.0,"status":"online"}}" to change status
2020-01-09 19:03:31,035:DEBUG:discord.client:Dispatching event socket_raw_send
2020-01-09 19:04:10,109:DEBUG:discord.gateway:Keeping websocket alive with sequence 2.
2020-01-09 19:04:10,114:DEBUG:discord.client:Dispatching event socket_raw_send
2020-01-09 19:04:10,239:DEBUG:discord.client:Dispatching event socket_raw_receive
2020-01-09 19:04:10,241:DEBUG:discord.gateway:For Shard ID None: WebSocket Event: {'t': None, 's': None, 'op': 11, 'd': None}
2020-01-09 19:04:10,242:DEBUG:discord.client:Dispatching event socket_response
2020-01-09 19:04:51,368:DEBUG:discord.gateway:Keeping websocket alive with sequence 2.
2020-01-09 19:04:51,372:DEBUG:discord.client:Dispatching event socket_raw_send
2020-01-09 19:04:51,467:DEBUG:discord.client:Dispatching event socket_raw_receive
2020-01-09 19:04:51,468:DEBUG:discord.gateway:For Shard ID None: WebSocket Event: {'t': None, 's': None, 'op': 11, 'd': None}
2020-01-09 19:04:51,470:DEBUG:discord.client:Dispatching event socket_response
2020-01-09 19:05:32,625:DEBUG:discord.gateway:Keeping websocket alive with sequence 2.
2020-01-09 19:05:32,634:DEBUG:discord.client:Dispatching event socket_raw_send
2020-01-09 19:05:32,735:DEBUG:discord.client:Dispatching event socket_raw_receive
2020-01-09 19:05:32,737:DEBUG:discord.gateway:For Shard ID None: WebSocket Event: {'t': None, 's': None, 'op': 11, 'd': None}
2020-01-09 19:05:32,739:DEBUG:discord.client:Dispatching event socket_response
2020-01-09 19:06:13,887:DEBUG:discord.gateway:Keeping websocket alive with sequence 2.
2020-01-09 19:06:13,890:DEBUG:discord.client:Dispatching event socket_raw_send
2020-01-09 19:06:14,023:DEBUG:discord.client:Dispatching event socket_raw_receive
2020-01-09 19:06:14,024:DEBUG:discord.gateway:For Shard ID None: WebSocket Event: {'t': None, 's': None, 'op': 11, 'd': None}
2020-01-09 19:06:14,025:DEBUG:discord.client:Dispatching event socket_response
2020-01-09 19:06:53,609:DEBUG:discord.client:Dispatching event socket_raw_receive
2020-01-09 19:06:53,610:DEBUG:discord.gateway:For Shard ID None: WebSocket Event: {'t': 'TYPING_START', 's': 3, 'op': 0, 'd': {'user_id': '318542491349549057', 'timestamp': 1578625613, 'channel_id': '665025852060336140'}}
2020-01-09 19:06:53,611:DEBUG:discord.client:Dispatching event socket_response
2020-01-09 19:06:53,667:DEBUG:discord.client:Dispatching event socket_raw_receive
2020-01-09 19:06:53,668:DEBUG:discord.gateway:For Shard ID None: WebSocket Event: {'t': 'CHANNEL_CREATE', 's': 4, 'op': 0, 'd': {'type': 1, 'recipients': [{'username': 'Fergo310', 'id': '318542491349549057', 'discriminator': '5226', 'avatar': 'bb8a0daaa082ea91ca94ac2eb9c1eefe'}], 'last_message_id': '665028766602362910', 'id': '665025852060336140'}}
2020-01-09 19:06:53,669:DEBUG:discord.client:Dispatching event socket_response
2020-01-09 19:06:53,669:DEBUG:discord.client:Dispatching event private_channel_create
2020-01-09 19:06:53,670:DEBUG:discord.client:Dispatching event socket_raw_receive
2020-01-09 19:06:53,671:DEBUG:discord.gateway:For Shard ID None: WebSocket Event: {'t': 'MESSAGE_CREATE', 's': 5, 'op': 0, 'd': {'type': 0, 'tts': False, 'timestamp': '2020-01-10T03:06:53.595000+00:00', 'pinned': False, 'nonce': '665028766547836928', 'mentions': [], 'mention_roles': [], 'mention_everyone': False, 'id': '665028766602362910', 'flags': 0, 'embeds': [], 'edited_timestamp': None, 'content': '/info', 'channel_id': '665025852060336140', 'author': {'username': 'Fergo310', 'id': '318542491349549057', 'discriminator': '5226', 'avatar': 'bb8a0daaa082ea91ca94ac2eb9c1eefe'}, 'attachments': []}}
2020-01-09 19:06:53,671:DEBUG:discord.client:Dispatching event socket_response
2020-01-09 19:06:53,672:DEBUG:discord.client:Dispatching event message
2020-01-09 19:06:54,009:DEBUG:discord.http:POST https://discordapp.com/api/v7/channels/665025852060336140/messages with {"content":"Hi! I'm CTFbot, a helpful chatbot to keep you on track for CTFs, Wargames, and HTBs. If you are wondering what your next step should be you can ask me things like, 'how would I upload a payload' or 'how to crack a hash' and I'll give you some helpful tips!"} has returned 200
2020-01-09 19:06:54,010:DEBUG:discord.http:POST https://discordapp.com/api/v7/channels/665025852060336140/messages has received {'id': '665028768003260446', 'type': 0, 'content': "Hi! I'm CTFbot, a helpful chatbot to keep you on track for CTFs, Wargames, and HTBs. If you are wondering what your next step should be you can ask me things like, 'how would I upload a payload' or 'how to crack a hash' and I'll give you some helpful tips!", 'channel_id': '665025852060336140', 'author': {'id': '665003983357607987', 'username': 'CTFbot', 'avatar': None, 'discriminator': '9315', 'bot': True}, 'attachments': [], 'embeds': [], 'mentions': [], 'mention_roles': [], 'pinned': False, 'mention_everyone': False, 'tts': False, 'timestamp': '2020-01-10T03:06:53.929000+00:00', 'edited_timestamp': None, 'flags': 0, 'nonce': None}
2020-01-09 19:06:54,020:DEBUG:discord.client:Dispatching event socket_raw_receive
2020-01-09 19:06:54,021:DEBUG:discord.gateway:For Shard ID None: WebSocket Event: {'t': 'CHANNEL_CREATE', 's': 6, 'op': 0, 'd': {'type': 1, 'recipients': [{'username': 'Fergo310', 'id': '318542491349549057', 'discriminator': '5226', 'avatar': 'bb8a0daaa082ea91ca94ac2eb9c1eefe'}], 'last_message_id': '665028768003260446', 'id': '665025852060336140'}}
2020-01-09 19:06:54,022:DEBUG:discord.client:Dispatching event socket_response
2020-01-09 19:06:54,023:DEBUG:discord.client:Dispatching event socket_raw_receive
2020-01-09 19:06:54,024:DEBUG:discord.gateway:For Shard ID None: WebSocket Event: {'t': 'MESSAGE_CREATE', 's': 7, 'op': 0, 'd': {'type': 0, 'tts': False, 'timestamp': '2020-01-10T03:06:53.929000+00:00', 'pinned': False, 'nonce': None, 'mentions': [], 'mention_roles': [], 'mention_everyone': False, 'id': '665028768003260446', 'flags': 0, 'embeds': [], 'edited_timestamp': None, 'content': "Hi! I'm CTFbot, a helpful chatbot to keep you on track for CTFs, Wargames, and HTBs. If you are wondering what your next step should be you can ask me things like, 'how would I upload a payload' or 'how to crack a hash' and I'll give you some helpful tips!", 'channel_id': '665025852060336140', 'author': {'username': 'CTFbot', 'id': '665003983357607987', 'discriminator': '9315', 'bot': True, 'avatar': None}, 'attachments': []}}
2020-01-09 19:06:54,025:DEBUG:discord.client:Dispatching event socket_response
2020-01-09 19:06:54,026:DEBUG:discord.client:Dispatching event message
2020-01-09 19:06:54,140:DEBUG:discord.client:Dispatching event socket_raw_receive
2020-01-09 19:06:54,142:DEBUG:discord.gateway:For Shard ID None: WebSocket Event: {'t': 'CHANNEL_CREATE', 's': 8, 'op': 0, 'd': {'type': 1, 'recipients': [{'username': 'Fergo310', 'id': '318542491349549057', 'discriminator': '5226', 'avatar': 'bb8a0daaa082ea91ca94ac2eb9c1eefe'}], 'last_message_id': '665028768317964291', 'id': '665025852060336140'}}
2020-01-09 19:06:54,142:DEBUG:discord.client:Dispatching event socket_response
2020-01-09 19:06:54,143:DEBUG:discord.client:Dispatching event socket_raw_receive
2020-01-09 19:06:54,144:DEBUG:discord.gateway:For Shard ID None: WebSocket Event: {'t': 'MESSAGE_CREATE', 's': 9, 'op': 0, 'd': {'type': 0, 'tts': False, 'timestamp': '2020-01-10T03:06:54.004000+00:00', 'pinned': False, 'nonce': None, 'mentions': [], 'mention_roles': [], 'mention_everyone': False, 'id': '665028768317964291', 'flags': 0, 'embeds': [], 'edited_timestamp': None, 'content': 'I also have some other core commands: /info, /nickname, /dm, /ulog, and /whoami', 'channel_id': '665025852060336140', 'author': {'username': 'CTFbot', 'id': '665003983357607987', 'discriminator': '9315', 'bot': True, 'avatar': None}, 'attachments': []}}
2020-01-09 19:06:54,145:DEBUG:discord.client:Dispatching event socket_response
2020-01-09 19:06:54,146:DEBUG:discord.client:Dispatching event message
2020-01-09 19:06:54,150:DEBUG:discord.http:POST https://discordapp.com/api/v7/channels/665025852060336140/messages with {"content":"I also have some other core commands: /info, /nickname, /dm, /ulog, and /whoami"} has returned 200
2020-01-09 19:06:54,152:DEBUG:discord.http:POST https://discordapp.com/api/v7/channels/665025852060336140/messages has received {'id': '665028768317964291', 'type': 0, 'content': 'I also have some other core commands: /info, /nickname, /dm, /ulog, and /whoami', 'channel_id': '665025852060336140', 'author': {'id': '665003983357607987', 'username': 'CTFbot', 'avatar': None, 'discriminator': '9315', 'bot': True}, 'attachments': [], 'embeds': [], 'mentions': [], 'mention_roles': [], 'pinned': False, 'mention_everyone': False, 'tts': False, 'timestamp': '2020-01-10T03:06:54.004000+00:00', 'edited_timestamp': None, 'flags': 0, 'nonce': None}
2020-01-09 19:06:54,275:DEBUG:discord.client:Dispatching event socket_raw_receive
2020-01-09 19:06:54,276:DEBUG:discord.gateway:For Shard ID None: WebSocket Event: {'t': 'CHANNEL_CREATE', 's': 10, 'op': 0, 'd': {'type': 1, 'recipients': [{'username': 'Fergo310', 'id': '318542491349549057', 'discriminator': '5226', 'avatar': 'bb8a0daaa082ea91ca94ac2eb9c1eefe'}], 'last_message_id': '665028769160888320', 'id': '665025852060336140'}}
2020-01-09 19:06:54,277:DEBUG:discord.client:Dispatching event socket_response
2020-01-09 19:06:54,278:DEBUG:discord.client:Dispatching event socket_raw_receive
2020-01-09 19:06:54,279:DEBUG:discord.gateway:For Shard ID None: WebSocket Event: {'t': 'MESSAGE_CREATE', 's': 11, 'op': 0, 'd': {'type': 0, 'tts': False, 'timestamp': '2020-01-10T03:06:54.205000+00:00', 'pinned': False, 'nonce': None, 'mentions': [], 'mention_roles': [], 'mention_everyone': False, 'id': '665028769160888320', 'flags': 0, 'embeds': [], 'edited_timestamp': None, 'content': 'Download my source code @ https://github.com/Cisc0-gif/CTFbot.git', 'channel_id': '665025852060336140', 'author': {'username': 'CTFbot', 'id': '665003983357607987', 'discriminator': '9315', 'bot': True, 'avatar': None}, 'attachments': []}}
2020-01-09 19:06:54,280:DEBUG:discord.client:Dispatching event socket_response
2020-01-09 19:06:54,281:DEBUG:discord.client:Dispatching event message
2020-01-09 19:06:54,285:DEBUG:discord.http:POST https://discordapp.com/api/v7/channels/665025852060336140/messages with {"content":"Download my source code @ https://github.com/Cisc0-gif/CTFbot.git"} has returned 200
2020-01-09 19:06:54,286:DEBUG:discord.http:POST https://discordapp.com/api/v7/channels/665025852060336140/messages has received {'id': '665028769160888320', 'type': 0, 'content': 'Download my source code @ https://github.com/Cisc0-gif/CTFbot.git', 'channel_id': '665025852060336140', 'author': {'id': '665003983357607987', 'username': 'CTFbot', 'avatar': None, 'discriminator': '9315', 'bot': True}, 'attachments': [], 'embeds': [], 'mentions': [], 'mention_roles': [], 'pinned': False, 'mention_everyone': False, 'tts': False, 'timestamp': '2020-01-10T03:06:54.205000+00:00', 'edited_timestamp': None, 'flags': 0, 'nonce': None}
2020-01-09 19:06:55,143:DEBUG:discord.gateway:Keeping websocket alive with sequence 11.
2020-01-09 19:06:55,145:DEBUG:discord.client:Dispatching event socket_raw_send
2020-01-09 19:06:55,250:DEBUG:discord.client:Dispatching event socket_raw_receive
2020-01-09 19:06:55,251:DEBUG:discord.gateway:For Shard ID None: WebSocket Event: {'t': None, 's': None, 'op': 11, 'd': None}
2020-01-09 19:06:55,252:DEBUG:discord.client:Dispatching event socket_response
2020-01-09 19:07:05,829:INFO:discord.client:Cleaning up tasks.
2020-01-09 19:07:05,830:INFO:discord.client:Cleaning up after 4 tasks.
2020-01-09 19:07:06,267:INFO:discord.client:Closing the event loop.
